<?xml version="1.0" encoding="UTF-8"?>
<testsuite name="com.bridgelabz.NodeTest" tests="9" skipped="0" failures="0" errors="0" timestamp="2021-06-21T05:42:22" hostname="DESKTOP-0M348LP" time="0.151">
  <properties/>
  <testcase name="Given3Numbers_WhenAppended_ToLinkedListShould_BeAddedToLast()" classname="com.bridgelabz.NodeTest" time="0.052"/>
  <testcase name="Given3Numbers_WhenSearch_AnyNumber_InLinkedList()" classname="com.bridgelabz.NodeTest" time="0.007"/>
  <testcase name="Given3Numbers_WhenAdded_ToLinkedListShould_BeAddedOnTop()" classname="com.bridgelabz.NodeTest" time="0.01"/>
  <testcase name="Given3Numbers_WhenDeleted_LastNumber_ToLinkedListShould_Become2_Numbers()" classname="com.bridgelabz.NodeTest" time="0.006"/>
  <testcase name="Given3Numbers_WhenDeleted_ToLinkedListShould_Become2_Numbers()" classname="com.bridgelabz.NodeTest" time="0.01"/>
  <testcase name="Given3Numbers_WhenLinked_ShouldPassed_LinkedListTest()" classname="com.bridgelabz.NodeTest" time="0.008"/>
  <testcase name="Given3Numbers_WhenSearch_40And_DeleteAnd_DisplaySize_OfLinkedList()" classname="com.bridgelabz.NodeTest" time="0.017"/>
  <testcase name="Given3Numbers_WhenSearch_AnyNumber_AndInsert_InLinkedList()" classname="com.bridgelabz.NodeTest" time="0.004"/>
  <testcase name="Given3Numbers_WhenInserted_ToLinkedListShould_BeAddedInBetween()" classname="com.bridgelabz.NodeTest" time="0.003"/>
  <system-out><![CDATA[My Nodes: 56-->30-->70
My Nodes: 56-->30-->70
My Nodes: 56-->30-->70
My Nodes: 56-->3070
My Nodes: 30-->70
My Nodes: 56-->30-->70
Size of a Linked List3
My Nodes: 56-->30-->40-->70
My Nodes: 56-->30-->70
]]></system-out>
  <system-err><![CDATA[]]></system-err>
</testsuite>
