<?xml version="1.0" encoding="UTF-8"?>
<testsuite name="com.bridgelabz.NodeTest" tests="2" skipped="0" failures="0" errors="0" timestamp="2021-06-21T04:26:31" hostname="DESKTOP-0M348LP" time="0.09">
  <properties/>
  <testcase name="Given3Numbers_WhenAdded_ToLinkedListShould_BeAddedOnTop()" classname="com.bridgelabz.NodeTest" time="0.086"/>
  <testcase name="Given3Numbers_WhenLinked_ShouldPassed_LinkedListTest()" classname="com.bridgelabz.NodeTest" time="0.002"/>
  <system-out><![CDATA[My Nodes: 56-->30-->70
]]></system-out>
  <system-err><![CDATA[]]></system-err>
</testsuite>
