<?xml version="1.0" encoding="UTF-8"?>
<testsuite name="com.linkedlist.NodeTest" tests="1" skipped="0" failures="0" errors="0" timestamp="2021-06-06T17:53:13" hostname="DESKTOP-0M348LP" time="0.04">
  <properties/>
  <testcase name="Given3Numbers_WhenLinked_ShouldPassed_LinkedListTest()" classname="com.linkedlist.NodeTest" time="0.04"/>
  <system-out><![CDATA[]]></system-out>
  <system-err><![CDATA[]]></system-err>
</testsuite>
